android/app/build/intermediates/manifest_merge_blame_file/debug/manifest-merger-blame-debug-report.txt
1<?xml version="1.0" encoding="utf-8"?>
2<manifest xmlns:android="http://schemas.android.com/apk/res/android"
3    package="com.fooddeliveryui"
4    android:versionCode="1"
5    android:versionName="1.0" >
6
7    <uses-sdk
8        android:minSdkVersion="21"
9        android:targetSdkVersion="30" />
10
11    <uses-permission android:name="android.permission.SYSTEM_ALERT_WINDOW" />
11-->src/debug/AndroidManifest.xml:5:5-77
11-->src/debug/AndroidManifest.xml:5:22-75
12    <uses-permission android:name="android.permission.INTERNET" />
12-->src/main/AndroidManifest.xml:4:5-67
12-->src/main/AndroidManifest.xml:4:22-64
13    <uses-permission android:name="android.permission.ACCESS_WIFI_STATE" />
13-->[com.facebook.flipper:flipper:0.99.0] AndroidManifest.xml:16:5-76
13-->[com.facebook.flipper:flipper:0.99.0] AndroidManifest.xml:16:22-73
14    <uses-permission android:name="android.permission.ACCESS_COARSE_LOCATION" /> <!-- Include required permissions for Google Maps API to run. -->
14-->[:react-native-maps] AndroidManifest.xml:10:5-81
14-->[:react-native-maps] AndroidManifest.xml:10:22-78
15    <uses-permission android:name="android.permission.ACCESS_NETWORK_STATE" />
15-->[com.google.android.gms:play-services-maps:17.0.0] AndroidManifest.xml:23:5-79
15-->[com.google.android.gms:play-services-maps:17.0.0] AndroidManifest.xml:23:22-76
16
17    <uses-feature
17-->[com.google.android.gms:play-services-maps:17.0.0] AndroidManifest.xml:26:5-28:35
18        android:glEsVersion="0x00020000"
18-->[com.google.android.gms:play-services-maps:17.0.0] AndroidManifest.xml:27:9-41
19        android:required="true" />
19-->[com.google.android.gms:play-services-maps:17.0.0] AndroidManifest.xml:28:9-32
20
21    <uses-permission android:name="android.permission.WAKE_LOCK" />
21-->[androidx.work:work-runtime:2.5.0] AndroidManifest.xml:25:5-68
21-->[androidx.work:work-runtime:2.5.0] AndroidManifest.xml:25:22-65
22    <uses-permission android:name="android.permission.RECEIVE_BOOT_COMPLETED" />
22-->[androidx.work:work-runtime:2.5.0] AndroidManifest.xml:27:5-81
22-->[androidx.work:work-runtime:2.5.0] AndroidManifest.xml:27:22-78
23    <uses-permission android:name="android.permission.FOREGROUND_SERVICE" />
23-->[androidx.work:work-runtime:2.5.0] AndroidManifest.xml:28:5-77
23-->[androidx.work:work-runtime:2.5.0] AndroidManifest.xml:28:22-74
24
25    <application
25-->src/main/AndroidManifest.xml:6:5-29:19
26        android:name="com.fooddeliveryui.MainApplication"
26-->src/main/AndroidManifest.xml:7:7-38
27        android:allowBackup="false"
27-->src/main/AndroidManifest.xml:11:7-34
28        android:appComponentFactory="androidx.core.app.CoreComponentFactory"
28-->[androidx.core:core:1.6.0] AndroidManifest.xml:24:18-86
29        android:debuggable="true"
30        android:icon="@mipmap/ic_launcher"
30-->src/main/AndroidManifest.xml:9:7-41
31        android:label="@string/app_name"
31-->src/main/AndroidManifest.xml:8:7-39
32        android:roundIcon="@mipmap/ic_launcher_round"
32-->src/main/AndroidManifest.xml:10:7-52
33        android:theme="@style/AppTheme"
33-->src/main/AndroidManifest.xml:12:7-38
34        android:usesCleartextTraffic="true" >
34-->src/debug/AndroidManifest.xml:8:9-44
35        <activity android:name="com.facebook.react.devsupport.DevSettingsActivity" />
35-->src/debug/AndroidManifest.xml:11:9-86
35-->src/debug/AndroidManifest.xml:11:19-83
36
37        <meta-data
37-->src/main/AndroidManifest.xml:13:7-15:63
38            android:name="com.google.android.geo.API_KEY"
38-->src/main/AndroidManifest.xml:14:6-51
39            android:value="AIzaSyD_lMXvGFGsiO2qhvX7Vs49r-sdICRtrAQ" />
39-->src/main/AndroidManifest.xml:15:6-61
40
41        <uses-library
41-->src/main/AndroidManifest.xml:16:6-84
42            android:name="org.apache.http.legacy"
42-->src/main/AndroidManifest.xml:16:20-57
43            android:required="false" />
43-->src/main/AndroidManifest.xml:16:58-82
44
45        <activity
45-->src/main/AndroidManifest.xml:17:7-27:18
46            android:name="com.fooddeliveryui.MainActivity"
46-->src/main/AndroidManifest.xml:18:9-37
47            android:configChanges="keyboard|keyboardHidden|orientation|screenSize|uiMode"
47-->src/main/AndroidManifest.xml:20:9-86
48            android:label="@string/app_name"
48-->src/main/AndroidManifest.xml:19:9-41
49            android:launchMode="singleTask"
49-->src/main/AndroidManifest.xml:21:9-40
50            android:windowSoftInputMode="adjustResize" >
50-->src/main/AndroidManifest.xml:22:9-51
51            <intent-filter>
51-->src/main/AndroidManifest.xml:23:9-26:25
52                <action android:name="android.intent.action.MAIN" />
52-->src/main/AndroidManifest.xml:24:13-65
52-->src/main/AndroidManifest.xml:24:21-62
53
54                <category android:name="android.intent.category.LAUNCHER" />
54-->src/main/AndroidManifest.xml:25:13-73
54-->src/main/AndroidManifest.xml:25:23-70
55            </intent-filter>
56        </activity>
57        <activity
57-->[com.google.android.gms:play-services-base:17.5.0] AndroidManifest.xml:23:9-26:75
58            android:name="com.google.android.gms.common.api.GoogleApiActivity"
58-->[com.google.android.gms:play-services-base:17.5.0] AndroidManifest.xml:24:13-79
59            android:exported="false"
59-->[com.google.android.gms:play-services-base:17.5.0] AndroidManifest.xml:25:13-37
60            android:theme="@android:style/Theme.Translucent.NoTitleBar" />
60-->[com.google.android.gms:play-services-base:17.5.0] AndroidManifest.xml:26:13-72
61
62        <provider
62-->[androidx.work:work-runtime:2.5.0] AndroidManifest.xml:31:9-37:35
63            android:name="androidx.work.impl.WorkManagerInitializer"
63-->[androidx.work:work-runtime:2.5.0] AndroidManifest.xml:32:13-69
64            android:authorities="com.fooddeliveryui.workmanager-init"
64-->[androidx.work:work-runtime:2.5.0] AndroidManifest.xml:33:13-68
65            android:directBootAware="false"
65-->[androidx.work:work-runtime:2.5.0] AndroidManifest.xml:34:13-44
66            android:exported="false"
66-->[androidx.work:work-runtime:2.5.0] AndroidManifest.xml:35:13-37
67            android:multiprocess="true" />
67-->[androidx.work:work-runtime:2.5.0] AndroidManifest.xml:36:13-40
68
69        <service
69-->[androidx.work:work-runtime:2.5.0] AndroidManifest.xml:39:9-44:35
70            android:name="androidx.work.impl.background.systemalarm.SystemAlarmService"
70-->[androidx.work:work-runtime:2.5.0] AndroidManifest.xml:40:13-88
71            android:directBootAware="false"
71-->[androidx.work:work-runtime:2.5.0] AndroidManifest.xml:41:13-44
72            android:enabled="@bool/enable_system_alarm_service_default"
72-->[androidx.work:work-runtime:2.5.0] AndroidManifest.xml:42:13-72
73            android:exported="false" />
73-->[androidx.work:work-runtime:2.5.0] AndroidManifest.xml:43:13-37
74        <service
74-->[androidx.work:work-runtime:2.5.0] AndroidManifest.xml:45:9-51:35
75            android:name="androidx.work.impl.background.systemjob.SystemJobService"
75-->[androidx.work:work-runtime:2.5.0] AndroidManifest.xml:46:13-84
76            android:directBootAware="false"
76-->[androidx.work:work-runtime:2.5.0] AndroidManifest.xml:47:13-44
77            android:enabled="@bool/enable_system_job_service_default"
77-->[androidx.work:work-runtime:2.5.0] AndroidManifest.xml:48:13-70
78            android:exported="true"
78-->[androidx.work:work-runtime:2.5.0] AndroidManifest.xml:49:13-36
79            android:permission="android.permission.BIND_JOB_SERVICE" />
79-->[androidx.work:work-runtime:2.5.0] AndroidManifest.xml:50:13-69
80        <service
80-->[androidx.work:work-runtime:2.5.0] AndroidManifest.xml:52:9-57:35
81            android:name="androidx.work.impl.foreground.SystemForegroundService"
81-->[androidx.work:work-runtime:2.5.0] AndroidManifest.xml:53:13-81
82            android:directBootAware="false"
82-->[androidx.work:work-runtime:2.5.0] AndroidManifest.xml:54:13-44
83            android:enabled="@bool/enable_system_foreground_service_default"
83-->[androidx.work:work-runtime:2.5.0] AndroidManifest.xml:55:13-77
84            android:exported="false" />
84-->[androidx.work:work-runtime:2.5.0] AndroidManifest.xml:56:13-37
85
86        <receiver
86-->[androidx.work:work-runtime:2.5.0] AndroidManifest.xml:59:9-64:35
87            android:name="androidx.work.impl.utils.ForceStopRunnable$BroadcastReceiver"
87-->[androidx.work:work-runtime:2.5.0] AndroidManifest.xml:60:13-88
88            android:directBootAware="false"
88-->[androidx.work:work-runtime:2.5.0] AndroidManifest.xml:61:13-44
89            android:enabled="true"
89-->[androidx.work:work-runtime:2.5.0] AndroidManifest.xml:62:13-35
90            android:exported="false" />
90-->[androidx.work:work-runtime:2.5.0] AndroidManifest.xml:63:13-37
91        <receiver
91-->[androidx.work:work-runtime:2.5.0] AndroidManifest.xml:65:9-75:20
92            android:name="androidx.work.impl.background.systemalarm.ConstraintProxy$BatteryChargingProxy"
92-->[androidx.work:work-runtime:2.5.0] AndroidManifest.xml:66:13-106
93            android:directBootAware="false"
93-->[androidx.work:work-runtime:2.5.0] AndroidManifest.xml:67:13-44
94            android:enabled="false"
94-->[androidx.work:work-runtime:2.5.0] AndroidManifest.xml:68:13-36
95            android:exported="false" >
95-->[androidx.work:work-runtime:2.5.0] AndroidManifest.xml:69:13-37
96            <intent-filter>
96-->[androidx.work:work-runtime:2.5.0] AndroidManifest.xml:71:13-74:29
97                <action android:name="android.intent.action.ACTION_POWER_CONNECTED" />
97-->[androidx.work:work-runtime:2.5.0] AndroidManifest.xml:72:17-87
97-->[androidx.work:work-runtime:2.5.0] AndroidManifest.xml:72:25-84
98                <action android:name="android.intent.action.ACTION_POWER_DISCONNECTED" />
98-->[androidx.work:work-runtime:2.5.0] AndroidManifest.xml:73:17-90
98-->[androidx.work:work-runtime:2.5.0] AndroidManifest.xml:73:25-87
99            </intent-filter>
100        </receiver>
101        <receiver
101-->[androidx.work:work-runtime:2.5.0] AndroidManifest.xml:76:9-86:20
102            android:name="androidx.work.impl.background.systemalarm.ConstraintProxy$BatteryNotLowProxy"
102-->[androidx.work:work-runtime:2.5.0] AndroidManifest.xml:77:13-104
103            android:directBootAware="false"
103-->[androidx.work:work-runtime:2.5.0] AndroidManifest.xml:78:13-44
104            android:enabled="false"
104-->[androidx.work:work-runtime:2.5.0] AndroidManifest.xml:79:13-36
105            android:exported="false" >
105-->[androidx.work:work-runtime:2.5.0] AndroidManifest.xml:80:13-37
106            <intent-filter>
106-->[androidx.work:work-runtime:2.5.0] AndroidManifest.xml:82:13-85:29
107                <action android:name="android.intent.action.BATTERY_OKAY" />
107-->[androidx.work:work-runtime:2.5.0] AndroidManifest.xml:83:17-77
107-->[androidx.work:work-runtime:2.5.0] AndroidManifest.xml:83:25-74
108                <action android:name="android.intent.action.BATTERY_LOW" />
108-->[androidx.work:work-runtime:2.5.0] AndroidManifest.xml:84:17-76
108-->[androidx.work:work-runtime:2.5.0] AndroidManifest.xml:84:25-73
109            </intent-filter>
110        </receiver>
111        <receiver
111-->[androidx.work:work-runtime:2.5.0] AndroidManifest.xml:87:9-97:20
112            android:name="androidx.work.impl.background.systemalarm.ConstraintProxy$StorageNotLowProxy"
112-->[androidx.work:work-runtime:2.5.0] AndroidManifest.xml:88:13-104
113            android:directBootAware="false"
113-->[androidx.work:work-runtime:2.5.0] AndroidManifest.xml:89:13-44
114            android:enabled="false"
114-->[androidx.work:work-runtime:2.5.0] AndroidManifest.xml:90:13-36
115            android:exported="false" >
115-->[androidx.work:work-runtime:2.5.0] AndroidManifest.xml:91:13-37
116            <intent-filter>
116-->[androidx.work:work-runtime:2.5.0] AndroidManifest.xml:93:13-96:29
117                <action android:name="android.intent.action.DEVICE_STORAGE_LOW" />
117-->[androidx.work:work-runtime:2.5.0] AndroidManifest.xml:94:17-83
117-->[androidx.work:work-runtime:2.5.0] AndroidManifest.xml:94:25-80
118                <action android:name="android.intent.action.DEVICE_STORAGE_OK" />
118-->[androidx.work:work-runtime:2.5.0] AndroidManifest.xml:95:17-82
118-->[androidx.work:work-runtime:2.5.0] AndroidManifest.xml:95:25-79
119            </intent-filter>
120        </receiver>
121        <receiver
121-->[androidx.work:work-runtime:2.5.0] AndroidManifest.xml:98:9-107:20
122            android:name="androidx.work.impl.background.systemalarm.ConstraintProxy$NetworkStateProxy"
122-->[androidx.work:work-runtime:2.5.0] AndroidManifest.xml:99:13-103
123            android:directBootAware="false"
123-->[androidx.work:work-runtime:2.5.0] AndroidManifest.xml:100:13-44
124            android:enabled="false"
124-->[androidx.work:work-runtime:2.5.0] AndroidManifest.xml:101:13-36
125            android:exported="false" >
125-->[androidx.work:work-runtime:2.5.0] AndroidManifest.xml:102:13-37
126            <intent-filter>
126-->[androidx.work:work-runtime:2.5.0] AndroidManifest.xml:104:13-106:29
127                <action android:name="android.net.conn.CONNECTIVITY_CHANGE" />
127-->[androidx.work:work-runtime:2.5.0] AndroidManifest.xml:105:17-79
127-->[androidx.work:work-runtime:2.5.0] AndroidManifest.xml:105:25-76
128            </intent-filter>
129        </receiver>
130        <receiver
130-->[androidx.work:work-runtime:2.5.0] AndroidManifest.xml:108:9-119:20
131            android:name="androidx.work.impl.background.systemalarm.RescheduleReceiver"
131-->[androidx.work:work-runtime:2.5.0] AndroidManifest.xml:109:13-88
132            android:directBootAware="false"
132-->[androidx.work:work-runtime:2.5.0] AndroidManifest.xml:110:13-44
133            android:enabled="false"
133-->[androidx.work:work-runtime:2.5.0] AndroidManifest.xml:111:13-36
134            android:exported="false" >
134-->[androidx.work:work-runtime:2.5.0] AndroidManifest.xml:112:13-37
135            <intent-filter>
135-->[androidx.work:work-runtime:2.5.0] AndroidManifest.xml:114:13-118:29
136                <action android:name="android.intent.action.BOOT_COMPLETED" />
136-->[androidx.work:work-runtime:2.5.0] AndroidManifest.xml:115:17-79
136-->[androidx.work:work-runtime:2.5.0] AndroidManifest.xml:115:25-76
137                <action android:name="android.intent.action.TIME_SET" />
137-->[androidx.work:work-runtime:2.5.0] AndroidManifest.xml:116:17-73
137-->[androidx.work:work-runtime:2.5.0] AndroidManifest.xml:116:25-70
138                <action android:name="android.intent.action.TIMEZONE_CHANGED" />
138-->[androidx.work:work-runtime:2.5.0] AndroidManifest.xml:117:17-81
138-->[androidx.work:work-runtime:2.5.0] AndroidManifest.xml:117:25-78
139            </intent-filter>
140        </receiver>
141        <receiver
141-->[androidx.work:work-runtime:2.5.0] AndroidManifest.xml:120:9-129:20
142            android:name="androidx.work.impl.background.systemalarm.ConstraintProxyUpdateReceiver"
142-->[androidx.work:work-runtime:2.5.0] AndroidManifest.xml:121:13-99
143            android:directBootAware="false"
143-->[androidx.work:work-runtime:2.5.0] AndroidManifest.xml:122:13-44
144            android:enabled="@bool/enable_system_alarm_service_default"
144-->[androidx.work:work-runtime:2.5.0] AndroidManifest.xml:123:13-72
145            android:exported="false" >
145-->[androidx.work:work-runtime:2.5.0] AndroidManifest.xml:124:13-37
146            <intent-filter>
146-->[androidx.work:work-runtime:2.5.0] AndroidManifest.xml:126:13-128:29
147                <action android:name="androidx.work.impl.background.systemalarm.UpdateProxies" />
147-->[androidx.work:work-runtime:2.5.0] AndroidManifest.xml:127:17-98
147-->[androidx.work:work-runtime:2.5.0] AndroidManifest.xml:127:25-95
148            </intent-filter>
149        </receiver>
150        <receiver
150-->[androidx.work:work-runtime:2.5.0] AndroidManifest.xml:130:9-140:20
151            android:name="androidx.work.impl.diagnostics.DiagnosticsReceiver"
151-->[androidx.work:work-runtime:2.5.0] AndroidManifest.xml:131:13-78
152            android:directBootAware="false"
152-->[androidx.work:work-runtime:2.5.0] AndroidManifest.xml:132:13-44
153            android:enabled="true"
153-->[androidx.work:work-runtime:2.5.0] AndroidManifest.xml:133:13-35
154            android:exported="true"
154-->[androidx.work:work-runtime:2.5.0] AndroidManifest.xml:134:13-36
155            android:permission="android.permission.DUMP" >
155-->[androidx.work:work-runtime:2.5.0] AndroidManifest.xml:135:13-57
156            <intent-filter>
156-->[androidx.work:work-runtime:2.5.0] AndroidManifest.xml:137:13-139:29
157                <action android:name="androidx.work.diagnostics.REQUEST_DIAGNOSTICS" />
157-->[androidx.work:work-runtime:2.5.0] AndroidManifest.xml:138:17-88
157-->[androidx.work:work-runtime:2.5.0] AndroidManifest.xml:138:25-85
158            </intent-filter>
159        </receiver>
160
161        <service
161-->[androidx.room:room-runtime:2.2.5] AndroidManifest.xml:25:9-28:40
162            android:name="androidx.room.MultiInstanceInvalidationService"
162-->[androidx.room:room-runtime:2.2.5] AndroidManifest.xml:26:13-74
163            android:directBootAware="true"
163-->[androidx.room:room-runtime:2.2.5] AndroidManifest.xml:27:13-43
164            android:exported="false" />
164-->[androidx.room:room-runtime:2.2.5] AndroidManifest.xml:28:13-37
165
166        <meta-data
166-->[com.google.maps.android:android-maps-utils:0.5] AndroidManifest.xml:8:9-10:69
167            android:name="com.google.android.gms.version"
167-->[com.google.maps.android:android-maps-utils:0.5] AndroidManifest.xml:9:13-58
168            android:value="@integer/google_play_services_version" />
168-->[com.google.maps.android:android-maps-utils:0.5] AndroidManifest.xml:10:13-66
169    </application>
170
171</manifest>